<?xml version="1.0" encoding="UTF-8"?>
<!-- Generated by org.testng.reporters.JUnitReportReporter -->
<testsuite name="com.alliance.qa.testcases.TestCustCreation" tests="1" time="63.509" ignored="0" failures="0" timestamp="06 Mar 2020 13:09:46 GMT" skipped="0" hostname="NSL-D340" errors="0">
  <testcase name="f" time="63.509" classname="com.alliance.qa.testcases.TestCustCreation"/>
</testsuite> <!-- com.alliance.qa.testcases.TestCustCreation -->
