<?xml version="1.0" encoding="UTF-8"?>
<!-- Generated by org.testng.reporters.JUnitReportReporter -->
<testsuite name="com.alliance.qa.testcases.TestLoagin" tests="1" time="12.435" ignored="0" failures="0" timestamp="11 Feb 2020 07:33:28 GMT" skipped="0" hostname="NSL-D340" errors="0">
  <testcase name="LoginPage" time="12.435" classname="com.alliance.qa.testcases.TestLoagin"/>
</testsuite> <!-- com.alliance.qa.testcases.TestLoagin -->
