<?xml version="1.0" encoding="UTF-8"?>
<!-- Generated by org.testng.reporters.JUnitReportReporter -->
<testsuite name="com.alliance.qa.testcases.LoanCreationTest" tests="2" time="0.057" ignored="0" failures="0" timestamp="29 Aug 2020 07:28:38 GMT" skipped="1" hostname="NSL-D340" errors="1">
  <testcase name="loanCommitteeTest" time="0.057" classname="com.alliance.qa.testcases.LoanCreationTest">
    <skipped/>
  </testcase> <!-- loanCommitteeTest -->
  <testcase name="configBeforeClass" time="0.000" classname="com.alliance.qa.testcases.LoanCreationTest">
    <error type="org.openqa.selenium.SessionNotCreatedException" message="session not created: This version of ChromeDriver only supports Chrome version 79
Build info: version: &#039;3.141.59&#039;, revision: &#039;e82be7d358&#039;, time: &#039;2018-11-14T08:25:48&#039;
System info: host: &#039;NSL-D340&#039;, ip: &#039;172.20.10.18&#039;, os.name: &#039;Windows 8&#039;, os.arch: &#039;amd64&#039;, os.version: &#039;6.2&#039;, java.version: &#039;1.8.0_121&#039;
Driver info: driver.version: ChromeDriver
remote stacktrace: Backtrace:
	Ordinal0 [0x0037A113+1548563]
	Ordinal0 [0x002FDDA1+1039777]
	Ordinal0 [0x0027E485+517253]
	Ordinal0 [0x0020FD34+64820]
	Ordinal0 [0x0020C61E+50718]
	Ordinal0 [0x0022B797+178071]
	Ordinal0 [0x0022B59D+177565]
	Ordinal0 [0x002295FB+169467]
	Ordinal0 [0x0021160A+71178]
	Ordinal0 [0x00212690+75408]
	Ordinal0 [0x00212629+75305]
	Ordinal0 [0x003171B7+1143223]
	GetHandleVerifier [0x00412B46+507814]
	GetHandleVerifier [0x00412864+507076]
	GetHandleVerifier [0x00419F47+537511]
	GetHandleVerifier [0x00413402+510050]
	Ordinal0 [0x0030F29C+1110684]
	Ordinal0 [0x0031938B+1151883]
	Ordinal0 [0x003194F3+1152243]
	Ordinal0 [0x003183F5+1147893]
	BaseThreadInitThunk [0x76B38543+14]
	RtlInitializeExceptionChain [0x773DAC69+133]
	RtlInitializeExceptionChain [0x773DAC3C+88]
">
      <![CDATA[org.openqa.selenium.SessionNotCreatedException: session not created: This version of ChromeDriver only supports Chrome version 79
Build info: version: '3.141.59', revision: 'e82be7d358', time: '2018-11-14T08:25:48'
System info: host: 'NSL-D340', ip: '172.20.10.18', os.name: 'Windows 8', os.arch: 'amd64', os.version: '6.2', java.version: '1.8.0_121'
Driver info: driver.version: ChromeDriver
remote stacktrace: Backtrace:
	Ordinal0 [0x0037A113+1548563]
	Ordinal0 [0x002FDDA1+1039777]
	Ordinal0 [0x0027E485+517253]
	Ordinal0 [0x0020FD34+64820]
	Ordinal0 [0x0020C61E+50718]
	Ordinal0 [0x0022B797+178071]
	Ordinal0 [0x0022B59D+177565]
	Ordinal0 [0x002295FB+169467]
	Ordinal0 [0x0021160A+71178]
	Ordinal0 [0x00212690+75408]
	Ordinal0 [0x00212629+75305]
	Ordinal0 [0x003171B7+1143223]
	GetHandleVerifier [0x00412B46+507814]
	GetHandleVerifier [0x00412864+507076]
	GetHandleVerifier [0x00419F47+537511]
	GetHandleVerifier [0x00413402+510050]
	Ordinal0 [0x0030F29C+1110684]
	Ordinal0 [0x0031938B+1151883]
	Ordinal0 [0x003194F3+1152243]
	Ordinal0 [0x003183F5+1147893]
	BaseThreadInitThunk [0x76B38543+14]
	RtlInitializeExceptionChain [0x773DAC69+133]
	RtlInitializeExceptionChain [0x773DAC3C+88]

	at sun.reflect.NativeConstructorAccessorImpl.newInstance0(Native Method)
	at sun.reflect.NativeConstructorAccessorImpl.newInstance(Unknown Source)
	at sun.reflect.DelegatingConstructorAccessorImpl.newInstance(Unknown Source)
	at java.lang.reflect.Constructor.newInstance(Unknown Source)
	at org.openqa.selenium.remote.W3CHandshakeResponse.lambda$errorHandler$0(W3CHandshakeResponse.java:62)
	at org.openqa.selenium.remote.HandshakeResponse.lambda$getResponseFunction$0(HandshakeResponse.java:30)
	at org.openqa.selenium.remote.ProtocolHandshake.lambda$createSession$0(ProtocolHandshake.java:126)
	at java.util.stream.ReferencePipeline$3$1.accept(Unknown Source)
	at java.util.Spliterators$ArraySpliterator.tryAdvance(Unknown Source)
	at java.util.stream.ReferencePipeline.forEachWithCancel(Unknown Source)
	at java.util.stream.AbstractPipeline.copyIntoWithCancel(Unknown Source)
	at java.util.stream.AbstractPipeline.copyInto(Unknown Source)
	at java.util.stream.AbstractPipeline.wrapAndCopyInto(Unknown Source)
	at java.util.stream.FindOps$FindOp.evaluateSequential(Unknown Source)
	at java.util.stream.AbstractPipeline.evaluate(Unknown Source)
	at java.util.stream.ReferencePipeline.findFirst(Unknown Source)
	at org.openqa.selenium.remote.ProtocolHandshake.createSession(ProtocolHandshake.java:128)
	at org.openqa.selenium.remote.ProtocolHandshake.createSession(ProtocolHandshake.java:74)
	at org.openqa.selenium.remote.HttpCommandExecutor.execute(HttpCommandExecutor.java:136)
	at org.openqa.selenium.remote.service.DriverCommandExecutor.execute(DriverCommandExecutor.java:83)
	at org.openqa.selenium.remote.RemoteWebDriver.execute(RemoteWebDriver.java:552)
	at org.openqa.selenium.remote.RemoteWebDriver.startSession(RemoteWebDriver.java:213)
	at org.openqa.selenium.remote.RemoteWebDriver.<init>(RemoteWebDriver.java:131)
	at org.openqa.selenium.chrome.ChromeDriver.<init>(ChromeDriver.java:181)
	at org.openqa.selenium.chrome.ChromeDriver.<init>(ChromeDriver.java:168)
	at org.openqa.selenium.chrome.ChromeDriver.<init>(ChromeDriver.java:123)
	at com.alliance.base.BaseClass.initialization(BaseClass.java:23)
	at com.alliance.qa.testcases.LoanCreationTest.configBeforeClass(LoanCreationTest.java:43)
	at sun.reflect.NativeMethodAccessorImpl.invoke0(Native Method)
	at sun.reflect.NativeMethodAccessorImpl.invoke(Unknown Source)
	at sun.reflect.DelegatingMethodAccessorImpl.invoke(Unknown Source)
	at java.lang.reflect.Method.invoke(Unknown Source)
	at org.testng.internal.MethodInvocationHelper.invokeMethod(MethodInvocationHelper.java:104)
	at org.testng.internal.Invoker.invokeConfigurationMethod(Invoker.java:515)
	at org.testng.internal.Invoker.invokeConfigurations(Invoker.java:217)
	at org.testng.internal.Invoker.invokeConfigurations(Invoker.java:144)
	at org.testng.internal.TestMethodWorker.invokeBeforeClassMethods(TestMethodWorker.java:169)
	at org.testng.internal.TestMethodWorker.run(TestMethodWorker.java:108)
	at org.testng.TestRunner.privateRun(TestRunner.java:756)
	at org.testng.TestRunner.run(TestRunner.java:610)
	at org.testng.SuiteRunner.runTest(SuiteRunner.java:387)
	at org.testng.SuiteRunner.runSequentially(SuiteRunner.java:382)
	at org.testng.SuiteRunner.privateRun(SuiteRunner.java:340)
	at org.testng.SuiteRunner.run(SuiteRunner.java:289)
	at org.testng.SuiteRunnerWorker.runSuite(SuiteRunnerWorker.java:52)
	at org.testng.SuiteRunnerWorker.run(SuiteRunnerWorker.java:86)
	at org.testng.TestNG.runSuitesSequentially(TestNG.java:1293)
	at org.testng.TestNG.runSuitesLocally(TestNG.java:1218)
	at org.testng.TestNG.runSuites(TestNG.java:1133)
	at org.testng.TestNG.run(TestNG.java:1104)
	at org.testng.remote.AbstractRemoteTestNG.run(AbstractRemoteTestNG.java:132)
	at org.testng.remote.RemoteTestNG.initAndRun(RemoteTestNG.java:236)
	at org.testng.remote.RemoteTestNG.main(RemoteTestNG.java:81)
]]>
    </error>
  </testcase> <!-- configBeforeClass -->
</testsuite> <!-- com.alliance.qa.testcases.LoanCreationTest -->
