<?xml version="1.0" encoding="UTF-8"?>
<!-- Generated by org.testng.reporters.JUnitReportReporter -->
<testsuite name="com.alliance.qa.testcases.CustomerCreationTest" tests="1" time="26.467" ignored="0" failures="0" timestamp="25 Feb 2020 09:22:10 GMT" skipped="0" hostname="NSL-D340" errors="0">
  <testcase name="loanApplicationFillTest" time="26.467" classname="com.alliance.qa.testcases.CustomerCreationTest"/>
</testsuite> <!-- com.alliance.qa.testcases.CustomerCreationTest -->
